<?xml version="1.0" encoding="UTF-8"?>
<testng-results ignored="0" total="1" passed="1" failed="0" skipped="0">
  <reporter-output>
  </reporter-output>
  <suite started-at="2024-03-02T13:23:47 IST" name="Default suite" finished-at="2024-03-02T13:24:02 IST" duration-ms="14988">
    <groups>
    </groups>
    <test started-at="2024-03-02T13:23:47 IST" name="Default test" finished-at="2024-03-02T13:24:02 IST" duration-ms="14988">
      <class name="TestRunner.Runner">
        <test-method signature="testOne()[pri:0, instance:TestRunner.Runner@3c407114]" started-at="2024-03-02T13:23:47 IST" name="testOne" finished-at="2024-03-02T13:24:02 IST" duration-ms="14919" status="PASS">
          <reporter-output>
          </reporter-output>
        </test-method> <!-- testOne -->
      </class> <!-- TestRunner.Runner -->
    </test> <!-- Default test -->
  </suite> <!-- Default suite -->
</testng-results>
