<?xml version="1.0" encoding="UTF-8"?>
<testng-results ignored="0" total="1" passed="1" failed="0" skipped="0">
  <reporter-output>
  </reporter-output>
  <suite started-at="2024-01-16T03:46:15 PST" name="Default suite" finished-at="2024-01-16T03:46:21 PST" duration-ms="6383">
    <groups>
    </groups>
    <test started-at="2024-01-16T03:46:15 PST" name="Default test" finished-at="2024-01-16T03:46:21 PST" duration-ms="6383">
      <class name="TestRunner.RunTest">
        <test-method signature="Test1()[pri:0, instance:TestRunner.RunTest@3427b02d]" started-at="2024-01-16T03:46:15 PST" name="Test1" finished-at="2024-01-16T03:46:21 PST" duration-ms="6316" status="PASS">
          <reporter-output>
          </reporter-output>
        </test-method> <!-- Test1 -->
      </class> <!-- TestRunner.RunTest -->
    </test> <!-- Default test -->
  </suite> <!-- Default suite -->
</testng-results>
